Case #1: 1 0
Case #2: 1 0
Case #3: 1 1
Case #4: 0 0
Case #5: 500 499
Case #6: 499999999999999999 499999999999999999
Case #7: 1 1
Case #8: 1 1
Case #9: 1 0
Case #10: 2 2
Case #11: 1 0
Case #12: 0 0
Case #13: 500000000000000000 499999999999999999
Case #14: 0 0
Case #15: 1 0
Case #16: 0 0
Case #17: 1 0
Case #18: 0 0
Case #19: 1 0
Case #20: 0 0
Case #21: 0 0
Case #22: 2 2
Case #23: 0 0
Case #24: 0 0
Case #25: 0 0
Case #26: 0 0
Case #27: 0 0
Case #28: 0 0
Case #29: 1 0
Case #30: 2 1
Case #31: 3906250000000000 3906249999999999
Case #32: 1 1
Case #33: 1 1
Case #34: 1 0
Case #35: 0 0
Case #36: 0 0
Case #37: 0 0
Case #38: 0 0
Case #39: 125000000000000000 124999999999999999
Case #40: 7812499999999999 7812499999999999
Case #41: 0 0
Case #42: 1 0
Case #43: 3906249999999999 3906249999999999
Case #44: 0 0
Case #45: 1 0
Case #46: 250000000000000000 249999999999999999
Case #47: 1 0
Case #48: 1 1
Case #49: 0 0
Case #50: 0 0
Case #51: 0 0
Case #52: 2 2
Case #53: 1 1
Case #54: 0 0
Case #55: 0 0
Case #56: 0 0
Case #57: 2 2
Case #58: 1 0
Case #59: 2 2
Case #60: 1 0
Case #61: 250000000000000000 249999999999999999
Case #62: 1 0
Case #63: 0 0
Case #64: 0 0
Case #65: 0 0
Case #66: 0 0
Case #67: 0 0
Case #68: 0 0
Case #69: 0 0
Case #70: 0 0
Case #71: 2 2
Case #72: 0 0
Case #73: 2 2
Case #74: 0 0
Case #75: 1 0
Case #76: 0 0
Case #77: 3906249999999999 3906249999999999
Case #78: 0 0
Case #79: 0 0
Case #80: 0 0
Case #81: 1 1
Case #82: 1 0
Case #83: 0 0
Case #84: 1 0
Case #85: 1953125000000000 1953124999999999
Case #86: 0 0
Case #87: 0 0
Case #88: 0 0
Case #89: 1 0
Case #90: 1 1
Case #91: 1 1
Case #92: 7812499999999999 7812499999999999
Case #93: 1 1
Case #94: 0 0
Case #95: 1 0
Case #96: 1 0
Case #97: 0 0
Case #98: 249999999999999999 249999999999999999
Case #99: 0 0
Case #100: 0 0
