Case #1: 1 0
Case #2: 1 0
Case #3: 1 1
Case #4: 0 0
Case #5: 500 499
Case #6: 0 0
Case #7: 0 0
Case #8: 1 0
Case #9: 0 0
Case #10: 1 1
Case #11: 1 0
Case #12: 499 499
Case #13: 1 0
Case #14: 0 0
Case #15: 0 0
Case #16: 1 0
Case #17: 0 0
Case #18: 0 0
Case #19: 3 3
Case #20: 7 6
Case #21: 1 1
Case #22: 0 0
Case #23: 1 1
Case #24: 0 0
Case #25: 0 0
Case #26: 1 0
Case #27: 0 0
Case #28: 1 0
Case #29: 1 1
Case #30: 0 0
Case #31: 0 0
Case #32: 3 2
Case #33: 1 1
Case #34: 0 0
Case #35: 3 3
Case #36: 0 0
Case #37: 0 0
Case #38: 3 2
Case #39: 0 0
Case #40: 0 0
Case #41: 0 0
Case #42: 0 0
Case #43: 0 0
Case #44: 250 249
Case #45: 0 0
Case #46: 0 0
Case #47: 0 0
Case #48: 1 0
Case #49: 0 0
Case #50: 3 2
Case #51: 2 2
Case #52: 1 0
Case #53: 1 0
Case #54: 0 0
Case #55: 0 0
Case #56: 1 1
Case #57: 0 0
Case #58: 250 249
Case #59: 0 0
Case #60: 0 0
Case #61: 1 1
Case #62: 7 6
Case #63: 0 0
Case #64: 1 0
Case #65: 0 0
Case #66: 1 1
Case #67: 249 249
Case #68: 0 0
Case #69: 1 0
Case #70: 0 0
Case #71: 1 0
Case #72: 0 0
Case #73: 1 1
Case #74: 3 3
Case #75: 1 0
Case #76: 3 3
Case #77: 0 0
Case #78: 3 2
Case #79: 125 124
Case #80: 1 0
Case #81: 1 0
Case #82: 1 0
Case #83: 0 0
Case #84: 0 0
Case #85: 0 0
Case #86: 2 1
Case #87: 0 0
Case #88: 0 0
Case #89: 0 0
Case #90: 0 0
Case #91: 0 0
Case #92: 0 0
Case #93: 1 0
Case #94: 0 0
Case #95: 0 0
Case #96: 0 0
Case #97: 1 0
Case #98: 0 0
Case #99: 0 0
Case #100: 1 1
